\BOOKMARK [0][-]{chapter.1}{Types of transport}{}% 1
\BOOKMARK [1][-]{section.1.1}{Car}{chapter.1}% 2
\BOOKMARK [1][-]{section.1.2}{Bus}{chapter.1}% 3
\BOOKMARK [1][-]{section.1.3}{Tram}{chapter.1}% 4
\BOOKMARK [1][-]{section.1.4}{Train}{chapter.1}% 5
\BOOKMARK [2][-]{subsection.1.4.1}{S-Bahn}{section.1.4}% 6
\BOOKMARK [2][-]{subsection.1.4.2}{U-Bahn}{section.1.4}% 7
\BOOKMARK [1][-]{section.1.5}{Ticketing system and price}{chapter.1}% 8
\BOOKMARK [1][-]{section.1.6}{Bike \(sharing system\)}{chapter.1}% 9
\BOOKMARK [1][-]{section.1.7}{Sharing systems}{chapter.1}% 10
\BOOKMARK [0][-]{chapter.2}{Problem and solution}{}% 11
\BOOKMARK [1][-]{section.2.1}{Problem statement}{chapter.2}% 12
\BOOKMARK [2][-]{subsection.2.1.1}{Road Congestions}{section.2.1}% 13
\BOOKMARK [2][-]{subsection.2.1.2}{Train Delay}{section.2.1}% 14
\BOOKMARK [2][-]{subsection.2.1.3}{Ticket price}{section.2.1}% 15
\BOOKMARK [1][-]{section.2.2}{Upcoming changes}{chapter.2}% 16
\BOOKMARK [1][-]{section.2.3}{Proposals}{chapter.2}% 17
\BOOKMARK [2][-]{subsection.2.3.1}{Dynamic road Tax}{section.2.3}% 18
\BOOKMARK [2][-]{subsection.2.3.2}{Parking on calm places}{section.2.3}% 19
\BOOKMARK [2][-]{subsection.2.3.3}{Dynamic train ticket pricing}{section.2.3}% 20
\BOOKMARK [2][-]{subsection.2.3.4}{Train reservation system}{section.2.3}% 21
